[0.046s] Invoking command in '/home/asdfr-07/relbot_robotics/ros2/build/sequence_node_07': CMAKE_PREFIX_PATH=/opt/ros/humble /usr/bin/cmake /home/asdfr-07/relbot_robotics/ros2/src/sequence_node_07 -DCMAKE_INSTALL_PREFIX=/home/asdfr-07/relbot_robotics/ros2/install/sequence_node_07
[1.096s] -- The C compiler identification is GNU 11.4.0
[1.831s] -- The CXX compiler identification is GNU 11.4.0
[1.875s] -- Detecting C compiler ABI info
[2.226s] -- Detecting C compiler ABI info - done
[2.259s] -- Check for working C compiler: /usr/bin/cc - skipped
[2.266s] -- Detecting C compile features
[2.271s] -- Detecting C compile features - done
[2.283s] -- Detecting CXX compiler ABI info
[2.666s] -- Detecting CXX compiler ABI info - done
[2.705s] -- Check for working CXX compiler: /usr/bin/c++ - skipped
[2.707s] -- Detecting CXX compile features
[2.710s] -- Detecting CXX compile features - done
[2.726s] -- Found ament_cmake: 1.3.11 (/opt/ros/humble/share/ament_cmake/cmake)
[3.427s] -- Found Python3: /usr/bin/python3 (found version "3.10.12") found components: Interpreter 
[3.841s] -- Found rclcpp: 16.0.11 (/opt/ros/humble/share/rclcpp/cmake)
[4.052s] -- Found rosidl_generator_c: 3.1.6 (/opt/ros/humble/share/rosidl_generator_c/cmake)
[4.073s] -- Found rosidl_adapter: 3.1.6 (/opt/ros/humble/share/rosidl_adapter/cmake)
[4.113s] -- Found rosidl_generator_cpp: 3.1.6 (/opt/ros/humble/share/rosidl_generator_cpp/cmake)
[4.176s] -- Using all available rosidl_typesupport_c: rosidl_typesupport_fastrtps_c;rosidl_typesupport_introspection_c
[4.252s] -- Using all available rosidl_typesupport_cpp: rosidl_typesupport_fastrtps_cpp;rosidl_typesupport_introspection_cpp
[4.447s] -- Found rmw_implementation_cmake: 6.1.2 (/opt/ros/humble/share/rmw_implementation_cmake/cmake)
[4.458s] -- Found rmw_fastrtps_cpp: 6.2.7 (/opt/ros/humble/share/rmw_fastrtps_cpp/cmake)
[4.763s] -- Found OpenSSL: /usr/lib/aarch64-linux-gnu/libcrypto.so (found version "3.0.2")  
[4.832s] -- Found FastRTPS: /opt/ros/humble/include  
[4.935s] -- Using RMW implementation 'rmw_fastrtps_cpp' as default
[4.986s] -- Looking for pthread.h
[5.547s] -- Looking for pthread.h - found
[5.572s] -- Performing Test CMAKE_HAVE_LIBC_PTHREAD
[5.874s] -- Performing Test CMAKE_HAVE_LIBC_PTHREAD - Success
[5.880s] -- Found Threads: TRUE  
[6.174s] -- Found ament_lint_auto: 0.12.11 (/opt/ros/humble/share/ament_lint_auto/cmake)
[6.562s] -- Added test 'cppcheck' to perform static code analysis on C / C++ code
[6.563s] -- Configured cppcheck include dirs: 
[6.565s] -- Configured cppcheck exclude dirs and/or files: 
[6.572s] -- Added test 'lint_cmake' to check CMake code style
[6.588s] -- Added test 'uncrustify' to check C / C++ code style
[6.591s] -- Configured uncrustify additional arguments: 
[6.592s] -- Added test 'xmllint' to check XML markup files
[6.603s] -- Configuring done
[6.681s] -- Generating done
[6.741s] -- Build files have been written to: /home/asdfr-07/relbot_robotics/ros2/build/sequence_node_07
[6.772s] Invoked command in '/home/asdfr-07/relbot_robotics/ros2/build/sequence_node_07' returned '0': CMAKE_PREFIX_PATH=/opt/ros/humble /usr/bin/cmake /home/asdfr-07/relbot_robotics/ros2/src/sequence_node_07 -DCMAKE_INSTALL_PREFIX=/home/asdfr-07/relbot_robotics/ros2/install/sequence_node_07
[6.777s] Invoking command in '/home/asdfr-07/relbot_robotics/ros2/build/sequence_node_07': CMAKE_PREFIX_PATH=/opt/ros/humble /usr/bin/cmake --build /home/asdfr-07/relbot_robotics/ros2/build/sequence_node_07 -- -j3 -l3
[6.939s] [ 50%] [32mBuilding CXX object CMakeFiles/sequence_07.dir/src/Seq07.cpp.o[0m
[43.957s] [100%] [32m[1mLinking CXX executable sequence_07[0m
[46.259s] [100%] Built target sequence_07
[46.293s] Invoked command in '/home/asdfr-07/relbot_robotics/ros2/build/sequence_node_07' returned '0': CMAKE_PREFIX_PATH=/opt/ros/humble /usr/bin/cmake --build /home/asdfr-07/relbot_robotics/ros2/build/sequence_node_07 -- -j3 -l3
[46.357s] Invoking command in '/home/asdfr-07/relbot_robotics/ros2/build/sequence_node_07': CMAKE_PREFIX_PATH=/opt/ros/humble /usr/bin/cmake --install /home/asdfr-07/relbot_robotics/ros2/build/sequence_node_07
[46.376s] -- Install configuration: ""
[46.377s] -- Installing: /home/asdfr-07/relbot_robotics/ros2/install/sequence_node_07/lib/sequence_node_07/sequence_07
[46.539s] -- Set runtime path of "/home/asdfr-07/relbot_robotics/ros2/install/sequence_node_07/lib/sequence_node_07/sequence_07" to ""
[46.542s] -- Installing: /home/asdfr-07/relbot_robotics/ros2/install/sequence_node_07/share/ament_index/resource_index/package_run_dependencies/sequence_node_07
[46.549s] -- Installing: /home/asdfr-07/relbot_robotics/ros2/install/sequence_node_07/share/ament_index/resource_index/parent_prefix_path/sequence_node_07
[46.556s] -- Installing: /home/asdfr-07/relbot_robotics/ros2/install/sequence_node_07/share/sequence_node_07/environment/ament_prefix_path.sh
[46.561s] -- Installing: /home/asdfr-07/relbot_robotics/ros2/install/sequence_node_07/share/sequence_node_07/environment/ament_prefix_path.dsv
[46.570s] -- Installing: /home/asdfr-07/relbot_robotics/ros2/install/sequence_node_07/share/sequence_node_07/environment/path.sh
[46.573s] -- Installing: /home/asdfr-07/relbot_robotics/ros2/install/sequence_node_07/share/sequence_node_07/environment/path.dsv
[46.587s] -- Installing: /home/asdfr-07/relbot_robotics/ros2/install/sequence_node_07/share/sequence_node_07/local_setup.bash
[46.591s] -- Installing: /home/asdfr-07/relbot_robotics/ros2/install/sequence_node_07/share/sequence_node_07/local_setup.sh
[46.595s] -- Installing: /home/asdfr-07/relbot_robotics/ros2/install/sequence_node_07/share/sequence_node_07/local_setup.zsh
[46.601s] -- Installing: /home/asdfr-07/relbot_robotics/ros2/install/sequence_node_07/share/sequence_node_07/local_setup.dsv
[46.611s] -- Installing: /home/asdfr-07/relbot_robotics/ros2/install/sequence_node_07/share/sequence_node_07/package.dsv
[46.616s] -- Installing: /home/asdfr-07/relbot_robotics/ros2/install/sequence_node_07/share/ament_index/resource_index/packages/sequence_node_07
[46.624s] -- Installing: /home/asdfr-07/relbot_robotics/ros2/install/sequence_node_07/share/sequence_node_07/cmake/sequence_node_07Config.cmake
[46.631s] -- Installing: /home/asdfr-07/relbot_robotics/ros2/install/sequence_node_07/share/sequence_node_07/cmake/sequence_node_07Config-version.cmake
[46.637s] -- Installing: /home/asdfr-07/relbot_robotics/ros2/install/sequence_node_07/share/sequence_node_07/package.xml
[46.649s] Invoked command in '/home/asdfr-07/relbot_robotics/ros2/build/sequence_node_07' returned '0': CMAKE_PREFIX_PATH=/opt/ros/humble /usr/bin/cmake --install /home/asdfr-07/relbot_robotics/ros2/build/sequence_node_07
