[0.064s] Invoking command in '/home/asdfr-07/relbot_robotics/ros2/build/response_node_07': CMAKE_PREFIX_PATH=/opt/ros/humble /usr/bin/cmake /home/asdfr-07/relbot_robotics/ros2/src/response_node_07 -DCMAKE_INSTALL_PREFIX=/home/asdfr-07/relbot_robotics/ros2/install/response_node_07
[1.135s] -- The C compiler identification is GNU 11.4.0
[1.869s] -- The CXX compiler identification is GNU 11.4.0
[1.910s] -- Detecting C compiler ABI info
[2.295s] -- Detecting C compiler ABI info - done
[2.327s] -- Check for working C compiler: /usr/bin/cc - skipped
[2.328s] -- Detecting C compile features
[2.329s] -- Detecting C compile features - done
[2.357s] -- Detecting CXX compiler ABI info
[2.707s] -- Detecting CXX compiler ABI info - done
[2.725s] -- Check for working CXX compiler: /usr/bin/c++ - skipped
[2.727s] -- Detecting CXX compile features
[2.731s] -- Detecting CXX compile features - done
[2.760s] -- Found ament_cmake: 1.3.11 (/opt/ros/humble/share/ament_cmake/cmake)
[3.436s] -- Found Python3: /usr/bin/python3 (found version "3.10.12") found components: Interpreter 
[3.876s] -- Found rclcpp: 16.0.11 (/opt/ros/humble/share/rclcpp/cmake)
[4.083s] -- Found rosidl_generator_c: 3.1.6 (/opt/ros/humble/share/rosidl_generator_c/cmake)
[4.104s] -- Found rosidl_adapter: 3.1.6 (/opt/ros/humble/share/rosidl_adapter/cmake)
[4.147s] -- Found rosidl_generator_cpp: 3.1.6 (/opt/ros/humble/share/rosidl_generator_cpp/cmake)
[4.208s] -- Using all available rosidl_typesupport_c: rosidl_typesupport_fastrtps_c;rosidl_typesupport_introspection_c
[4.283s] -- Using all available rosidl_typesupport_cpp: rosidl_typesupport_fastrtps_cpp;rosidl_typesupport_introspection_cpp
[4.478s] -- Found rmw_implementation_cmake: 6.1.2 (/opt/ros/humble/share/rmw_implementation_cmake/cmake)
[4.492s] -- Found rmw_fastrtps_cpp: 6.2.7 (/opt/ros/humble/share/rmw_fastrtps_cpp/cmake)
[4.794s] -- Found OpenSSL: /usr/lib/aarch64-linux-gnu/libcrypto.so (found version "3.0.2")  
[4.867s] -- Found FastRTPS: /opt/ros/humble/include  
[4.969s] -- Using RMW implementation 'rmw_fastrtps_cpp' as default
[5.021s] -- Looking for pthread.h
[5.631s] -- Looking for pthread.h - found
[5.647s] -- Performing Test CMAKE_HAVE_LIBC_PTHREAD
[5.982s] -- Performing Test CMAKE_HAVE_LIBC_PTHREAD - Success
[5.988s] -- Found Threads: TRUE  
[6.209s] -- Found ament_lint_auto: 0.12.11 (/opt/ros/humble/share/ament_lint_auto/cmake)
[6.594s] -- Added test 'cppcheck' to perform static code analysis on C / C++ code
[6.600s] -- Configured cppcheck include dirs: 
[6.601s] -- Configured cppcheck exclude dirs and/or files: 
[6.603s] -- Added test 'lint_cmake' to check CMake code style
[6.606s] -- Added test 'uncrustify' to check C / C++ code style
[6.611s] -- Configured uncrustify additional arguments: 
[6.613s] -- Added test 'xmllint' to check XML markup files
[6.627s] -- Configuring done
[6.703s] -- Generating done
[6.726s] -- Build files have been written to: /home/asdfr-07/relbot_robotics/ros2/build/response_node_07
[6.762s] Invoked command in '/home/asdfr-07/relbot_robotics/ros2/build/response_node_07' returned '0': CMAKE_PREFIX_PATH=/opt/ros/humble /usr/bin/cmake /home/asdfr-07/relbot_robotics/ros2/src/response_node_07 -DCMAKE_INSTALL_PREFIX=/home/asdfr-07/relbot_robotics/ros2/install/response_node_07
[6.771s] Invoking command in '/home/asdfr-07/relbot_robotics/ros2/build/response_node_07': CMAKE_PREFIX_PATH=/opt/ros/humble /usr/bin/cmake --build /home/asdfr-07/relbot_robotics/ros2/build/response_node_07 -- -j3 -l3
[6.924s] [ 50%] [32mBuilding CXX object CMakeFiles/response_07.dir/src/Loop07.cpp.o[0m
[43.727s] [100%] [32m[1mLinking CXX executable response_07[0m
[46.470s] [100%] Built target response_07
[46.505s] Invoked command in '/home/asdfr-07/relbot_robotics/ros2/build/response_node_07' returned '0': CMAKE_PREFIX_PATH=/opt/ros/humble /usr/bin/cmake --build /home/asdfr-07/relbot_robotics/ros2/build/response_node_07 -- -j3 -l3
[46.508s] Invoking command in '/home/asdfr-07/relbot_robotics/ros2/build/response_node_07': CMAKE_PREFIX_PATH=/opt/ros/humble /usr/bin/cmake --install /home/asdfr-07/relbot_robotics/ros2/build/response_node_07
[46.544s] -- Install configuration: ""
[46.546s] -- Installing: /home/asdfr-07/relbot_robotics/ros2/install/response_node_07/lib/response_node_07/response_07
[46.745s] -- Set runtime path of "/home/asdfr-07/relbot_robotics/ros2/install/response_node_07/lib/response_node_07/response_07" to ""
[46.746s] -- Installing: /home/asdfr-07/relbot_robotics/ros2/install/response_node_07/share/ament_index/resource_index/package_run_dependencies/response_node_07
[46.748s] -- Installing: /home/asdfr-07/relbot_robotics/ros2/install/response_node_07/share/ament_index/resource_index/parent_prefix_path/response_node_07
[46.751s] -- Installing: /home/asdfr-07/relbot_robotics/ros2/install/response_node_07/share/response_node_07/environment/ament_prefix_path.sh
[46.752s] -- Installing: /home/asdfr-07/relbot_robotics/ros2/install/response_node_07/share/response_node_07/environment/ament_prefix_path.dsv
[46.754s] -- Installing: /home/asdfr-07/relbot_robotics/ros2/install/response_node_07/share/response_node_07/environment/path.sh
[46.755s] -- Installing: /home/asdfr-07/relbot_robotics/ros2/install/response_node_07/share/response_node_07/environment/path.dsv
[46.756s] -- Installing: /home/asdfr-07/relbot_robotics/ros2/install/response_node_07/share/response_node_07/local_setup.bash
[46.757s] -- Installing: /home/asdfr-07/relbot_robotics/ros2/install/response_node_07/share/response_node_07/local_setup.sh
[46.768s] -- Installing: /home/asdfr-07/relbot_robotics/ros2/install/response_node_07/share/response_node_07/local_setup.zsh
[46.769s] -- Installing: /home/asdfr-07/relbot_robotics/ros2/install/response_node_07/share/response_node_07/local_setup.dsv
[46.771s] -- Installing: /home/asdfr-07/relbot_robotics/ros2/install/response_node_07/share/response_node_07/package.dsv
[46.772s] -- Installing: /home/asdfr-07/relbot_robotics/ros2/install/response_node_07/share/ament_index/resource_index/packages/response_node_07
[46.776s] -- Installing: /home/asdfr-07/relbot_robotics/ros2/install/response_node_07/share/response_node_07/cmake/response_node_07Config.cmake
[46.778s] -- Installing: /home/asdfr-07/relbot_robotics/ros2/install/response_node_07/share/response_node_07/cmake/response_node_07Config-version.cmake
[46.779s] -- Installing: /home/asdfr-07/relbot_robotics/ros2/install/response_node_07/share/response_node_07/package.xml
[46.856s] Invoked command in '/home/asdfr-07/relbot_robotics/ros2/build/response_node_07' returned '0': CMAKE_PREFIX_PATH=/opt/ros/humble /usr/bin/cmake --install /home/asdfr-07/relbot_robotics/ros2/build/response_node_07
