[0.946s] DEBUG:colcon:Command line arguments: ['/usr/bin/colcon', 'build']
[0.946s] DEBUG:colcon:Parsed command line arguments: Namespace(log_base=None, log_level=None, verb_name='build', build_base='build', install_base='install', merge_install=False, symlink_install=False, test_result_base=None, continue_on_error=False, executor='parallel', parallel_workers=3, event_handlers=None, ignore_user_meta=False, metas=['./colcon.meta'], base_paths=['.'], packages_ignore=None, packages_ignore_regex=None, paths=None, packages_up_to=None, packages_up_to_regex=None, packages_above=None, packages_above_and_dependencies=None, packages_above_depth=None, packages_select_by_dep=None, packages_skip_by_dep=None, packages_skip_up_to=None, packages_select_build_failed=False, packages_skip_build_finished=False, packages_select_test_failures=False, packages_skip_test_passed=False, packages_select=None, packages_skip=None, packages_select_regex=None, packages_skip_regex=None, packages_start=None, packages_end=None, allow_overriding=[], cmake_args=None, cmake_target=None, cmake_target_skip_unavailable=False, cmake_clean_cache=False, cmake_clean_first=False, cmake_force_configure=False, ament_cmake_args=None, catkin_cmake_args=None, catkin_skip_building_tests=False, mixin_files=None, mixin=None, verb_parser=<colcon_mixin.mixin.mixin_argument.MixinArgumentDecorator object at 0xffffb2191000>, verb_extension=<colcon_core.verb.build.BuildVerb object at 0xffffb2190a90>, main=<bound method BuildVerb.main of <colcon_core.verb.build.BuildVerb object at 0xffffb2190a90>>, mixin_verb=('build',))
[1.994s] Level 1:colcon.colcon_core.package_discovery:discover_packages(colcon_meta) check parameters
[1.995s] Level 1:colcon.colcon_core.package_discovery:discover_packages(recursive) check parameters
[1.995s] Level 1:colcon.colcon_core.package_discovery:discover_packages(ignore) check parameters
[1.996s] Level 1:colcon.colcon_core.package_discovery:discover_packages(path) check parameters
[1.996s] Level 1:colcon.colcon_core.package_discovery:discover_packages(colcon_meta) discover
[1.996s] Level 1:colcon.colcon_core.package_discovery:discover_packages(recursive) discover
[1.997s] INFO:colcon.colcon_core.package_discovery:Crawling recursively for packages in '/home/asdfr-07/relbot_robotics/ros2'
[1.997s] Level 1:colcon.colcon_core.package_identification:_identify(.) by extensions ['ignore', 'ignore_ament_install']
[1.998s] Level 1:colcon.colcon_core.package_identification:_identify(.) by extension 'ignore'
[1.998s] Level 1:colcon.colcon_core.package_identification:_identify(.) by extension 'ignore_ament_install'
[1.999s] Level 1:colcon.colcon_core.package_identification:_identify(.) by extensions ['colcon_pkg']
[1.999s] Level 1:colcon.colcon_core.package_identification:_identify(.) by extension 'colcon_pkg'
[1.999s] Level 1:colcon.colcon_core.package_identification:_identify(.) by extensions ['colcon_meta']
[2.000s] Level 1:colcon.colcon_core.package_identification:_identify(.) by extension 'colcon_meta'
[2.000s] Level 1:colcon.colcon_core.package_identification:_identify(.) by extensions ['ros']
[2.000s] Level 1:colcon.colcon_core.package_identification:_identify(.) by extension 'ros'
[2.061s] Level 1:colcon.colcon_core.package_identification:_identify(.) by extensions ['cmake', 'python']
[2.062s] Level 1:colcon.colcon_core.package_identification:_identify(.) by extension 'cmake'
[2.062s] Level 1:colcon.colcon_core.package_identification:_identify(.) by extension 'python'
[2.062s] Level 1:colcon.colcon_core.package_identification:_identify(.) by extensions ['python_setup_py']
[2.063s] Level 1:colcon.colcon_core.package_identification:_identify(.) by extension 'python_setup_py'
[2.063s] Level 1:colcon.colcon_core.package_identification:_identify(build) by extensions ['ignore', 'ignore_ament_install']
[2.064s] Level 1:colcon.colcon_core.package_identification:_identify(build) by extension 'ignore'
[2.064s] Level 1:colcon.colcon_core.package_identification:_identify(build) ignored
[2.065s] Level 1:colcon.colcon_core.package_identification:_identify(install) by extensions ['ignore', 'ignore_ament_install']
[2.065s] Level 1:colcon.colcon_core.package_identification:_identify(install) by extension 'ignore'
[2.066s] Level 1:colcon.colcon_core.package_identification:_identify(install) ignored
[2.066s] Level 1:colcon.colcon_core.package_identification:_identify(log) by extensions ['ignore', 'ignore_ament_install']
[2.067s] Level 1:colcon.colcon_core.package_identification:_identify(log) by extension 'ignore'
[2.067s] Level 1:colcon.colcon_core.package_identification:_identify(log) ignored
[2.067s] Level 1:colcon.colcon_core.package_identification:_identify(src) by extensions ['ignore', 'ignore_ament_install']
[2.068s] Level 1:colcon.colcon_core.package_identification:_identify(src) by extension 'ignore'
[2.068s] Level 1:colcon.colcon_core.package_identification:_identify(src) by extension 'ignore_ament_install'
[2.069s] Level 1:colcon.colcon_core.package_identification:_identify(src) by extensions ['colcon_pkg']
[2.069s] Level 1:colcon.colcon_core.package_identification:_identify(src) by extension 'colcon_pkg'
[2.069s] Level 1:colcon.colcon_core.package_identification:_identify(src) by extensions ['colcon_meta']
[2.069s] Level 1:colcon.colcon_core.package_identification:_identify(src) by extension 'colcon_meta'
[2.070s] Level 1:colcon.colcon_core.package_identification:_identify(src) by extensions ['ros']
[2.070s] Level 1:colcon.colcon_core.package_identification:_identify(src) by extension 'ros'
[2.071s] Level 1:colcon.colcon_core.package_identification:_identify(src) by extensions ['cmake', 'python']
[2.071s] Level 1:colcon.colcon_core.package_identification:_identify(src) by extension 'cmake'
[2.071s] Level 1:colcon.colcon_core.package_identification:_identify(src) by extension 'python'
[2.071s] Level 1:colcon.colcon_core.package_identification:_identify(src) by extensions ['python_setup_py']
[2.072s] Level 1:colcon.colcon_core.package_identification:_identify(src) by extension 'python_setup_py'
[2.072s] Level 1:colcon.colcon_core.package_identification:_identify(src/response_node_07) by extensions ['ignore', 'ignore_ament_install']
[2.073s] Level 1:colcon.colcon_core.package_identification:_identify(src/response_node_07) by extension 'ignore'
[2.073s] Level 1:colcon.colcon_core.package_identification:_identify(src/response_node_07) by extension 'ignore_ament_install'
[2.074s] Level 1:colcon.colcon_core.package_identification:_identify(src/response_node_07) by extensions ['colcon_pkg']
[2.074s] Level 1:colcon.colcon_core.package_identification:_identify(src/response_node_07) by extension 'colcon_pkg'
[2.074s] Level 1:colcon.colcon_core.package_identification:_identify(src/response_node_07) by extensions ['colcon_meta']
[2.074s] Level 1:colcon.colcon_core.package_identification:_identify(src/response_node_07) by extension 'colcon_meta'
[2.075s] Level 1:colcon.colcon_core.package_identification:_identify(src/response_node_07) by extensions ['ros']
[2.075s] Level 1:colcon.colcon_core.package_identification:_identify(src/response_node_07) by extension 'ros'
[2.086s] DEBUG:colcon.colcon_core.package_identification:Package 'src/response_node_07' with type 'ros.ament_cmake' and name 'response_node_07'
[2.087s] Level 1:colcon.colcon_core.package_identification:_identify(src/sequence_node_07) by extensions ['ignore', 'ignore_ament_install']
[2.087s] Level 1:colcon.colcon_core.package_identification:_identify(src/sequence_node_07) by extension 'ignore'
[2.088s] Level 1:colcon.colcon_core.package_identification:_identify(src/sequence_node_07) by extension 'ignore_ament_install'
[2.088s] Level 1:colcon.colcon_core.package_identification:_identify(src/sequence_node_07) by extensions ['colcon_pkg']
[2.089s] Level 1:colcon.colcon_core.package_identification:_identify(src/sequence_node_07) by extension 'colcon_pkg'
[2.089s] Level 1:colcon.colcon_core.package_identification:_identify(src/sequence_node_07) by extensions ['colcon_meta']
[2.089s] Level 1:colcon.colcon_core.package_identification:_identify(src/sequence_node_07) by extension 'colcon_meta'
[2.090s] Level 1:colcon.colcon_core.package_identification:_identify(src/sequence_node_07) by extensions ['ros']
[2.090s] Level 1:colcon.colcon_core.package_identification:_identify(src/sequence_node_07) by extension 'ros'
[2.094s] DEBUG:colcon.colcon_core.package_identification:Package 'src/sequence_node_07' with type 'ros.ament_cmake' and name 'sequence_node_07'
[2.094s] Level 1:colcon.colcon_core.package_discovery:discover_packages(recursive) using defaults
[2.094s] Level 1:colcon.colcon_core.package_discovery:discover_packages(ignore) discover
[2.095s] Level 1:colcon.colcon_core.package_discovery:discover_packages(ignore) using defaults
[2.095s] Level 1:colcon.colcon_core.package_discovery:discover_packages(path) discover
[2.095s] Level 1:colcon.colcon_core.package_discovery:discover_packages(path) using defaults
[2.281s] Level 1:colcon.colcon_core.package_discovery:discover_packages(prefix_path) check parameters
[2.281s] Level 1:colcon.colcon_core.package_discovery:discover_packages(prefix_path) discover
[2.303s] DEBUG:colcon.colcon_installed_package_information.package_discovery:Found 271 installed packages in /opt/ros/humble
[2.310s] Level 1:colcon.colcon_core.package_discovery:discover_packages(prefix_path) using defaults
[2.483s] Level 5:colcon.colcon_core.verb:set package 'response_node_07' build argument 'cmake_args' from command line to 'None'
[2.483s] Level 5:colcon.colcon_core.verb:set package 'response_node_07' build argument 'cmake_target' from command line to 'None'
[2.484s] Level 5:colcon.colcon_core.verb:set package 'response_node_07' build argument 'cmake_target_skip_unavailable' from command line to 'False'
[2.484s] Level 5:colcon.colcon_core.verb:set package 'response_node_07' build argument 'cmake_clean_cache' from command line to 'False'
[2.484s] Level 5:colcon.colcon_core.verb:set package 'response_node_07' build argument 'cmake_clean_first' from command line to 'False'
[2.484s] Level 5:colcon.colcon_core.verb:set package 'response_node_07' build argument 'cmake_force_configure' from command line to 'False'
[2.485s] Level 5:colcon.colcon_core.verb:set package 'response_node_07' build argument 'ament_cmake_args' from command line to 'None'
[2.485s] Level 5:colcon.colcon_core.verb:set package 'response_node_07' build argument 'catkin_cmake_args' from command line to 'None'
[2.485s] Level 5:colcon.colcon_core.verb:set package 'response_node_07' build argument 'catkin_skip_building_tests' from command line to 'False'
[2.485s] DEBUG:colcon.colcon_core.verb:Building package 'response_node_07' with the following arguments: {'ament_cmake_args': None, 'build_base': '/home/asdfr-07/relbot_robotics/ros2/build/response_node_07', 'catkin_cmake_args': None, 'catkin_skip_building_tests': False, 'cmake_args': None, 'cmake_clean_cache': False, 'cmake_clean_first': False, 'cmake_force_configure': False, 'cmake_target': None, 'cmake_target_skip_unavailable': False, 'install_base': '/home/asdfr-07/relbot_robotics/ros2/install/response_node_07', 'merge_install': False, 'path': '/home/asdfr-07/relbot_robotics/ros2/src/response_node_07', 'symlink_install': False, 'test_result_base': None}
[2.487s] Level 5:colcon.colcon_core.verb:set package 'sequence_node_07' build argument 'cmake_args' from command line to 'None'
[2.487s] Level 5:colcon.colcon_core.verb:set package 'sequence_node_07' build argument 'cmake_target' from command line to 'None'
[2.487s] Level 5:colcon.colcon_core.verb:set package 'sequence_node_07' build argument 'cmake_target_skip_unavailable' from command line to 'False'
[2.488s] Level 5:colcon.colcon_core.verb:set package 'sequence_node_07' build argument 'cmake_clean_cache' from command line to 'False'
[2.488s] Level 5:colcon.colcon_core.verb:set package 'sequence_node_07' build argument 'cmake_clean_first' from command line to 'False'
[2.488s] Level 5:colcon.colcon_core.verb:set package 'sequence_node_07' build argument 'cmake_force_configure' from command line to 'False'
[2.488s] Level 5:colcon.colcon_core.verb:set package 'sequence_node_07' build argument 'ament_cmake_args' from command line to 'None'
[2.489s] Level 5:colcon.colcon_core.verb:set package 'sequence_node_07' build argument 'catkin_cmake_args' from command line to 'None'
[2.489s] Level 5:colcon.colcon_core.verb:set package 'sequence_node_07' build argument 'catkin_skip_building_tests' from command line to 'False'
[2.489s] DEBUG:colcon.colcon_core.verb:Building package 'sequence_node_07' with the following arguments: {'ament_cmake_args': None, 'build_base': '/home/asdfr-07/relbot_robotics/ros2/build/sequence_node_07', 'catkin_cmake_args': None, 'catkin_skip_building_tests': False, 'cmake_args': None, 'cmake_clean_cache': False, 'cmake_clean_first': False, 'cmake_force_configure': False, 'cmake_target': None, 'cmake_target_skip_unavailable': False, 'install_base': '/home/asdfr-07/relbot_robotics/ros2/install/sequence_node_07', 'merge_install': False, 'path': '/home/asdfr-07/relbot_robotics/ros2/src/sequence_node_07', 'symlink_install': False, 'test_result_base': None}
[2.490s] INFO:colcon.colcon_core.executor:Executing jobs using 'parallel' executor
[2.493s] DEBUG:colcon.colcon_parallel_executor.executor.parallel:run_until_complete
[2.494s] INFO:colcon.colcon_ros.task.ament_cmake.build:Building ROS package in '/home/asdfr-07/relbot_robotics/ros2/src/response_node_07' with build type 'ament_cmake'
[2.495s] INFO:colcon.colcon_cmake.task.cmake.build:Building CMake package in '/home/asdfr-07/relbot_robotics/ros2/src/response_node_07'
[2.513s] INFO:colcon.colcon_core.plugin_system:Skipping extension 'colcon_core.shell.bat': Not used on non-Windows systems
[2.514s] INFO:colcon.colcon_core.shell:Skip shell extension 'powershell' for command environment: Not usable outside of PowerShell
[2.515s] DEBUG:colcon.colcon_core.shell:Skip shell extension 'dsv' for command environment
[2.528s] INFO:colcon.colcon_ros.task.ament_cmake.build:Building ROS package in '/home/asdfr-07/relbot_robotics/ros2/src/sequence_node_07' with build type 'ament_cmake'
[2.529s] INFO:colcon.colcon_cmake.task.cmake.build:Building CMake package in '/home/asdfr-07/relbot_robotics/ros2/src/sequence_node_07'
[2.530s] INFO:colcon.colcon_core.shell:Skip shell extension 'powershell' for command environment: Not usable outside of PowerShell
[2.531s] DEBUG:colcon.colcon_core.shell:Skip shell extension 'dsv' for command environment
[2.562s] DEBUG:colcon.colcon_core.event_handler.log_command:Invoking command in '/home/asdfr-07/relbot_robotics/ros2/build/response_node_07': CMAKE_PREFIX_PATH=/opt/ros/humble /usr/bin/cmake /home/asdfr-07/relbot_robotics/ros2/src/response_node_07 -DCMAKE_INSTALL_PREFIX=/home/asdfr-07/relbot_robotics/ros2/install/response_node_07
[2.576s] DEBUG:colcon.colcon_core.event_handler.log_command:Invoking command in '/home/asdfr-07/relbot_robotics/ros2/build/sequence_node_07': CMAKE_PREFIX_PATH=/opt/ros/humble /usr/bin/cmake /home/asdfr-07/relbot_robotics/ros2/src/sequence_node_07 -DCMAKE_INSTALL_PREFIX=/home/asdfr-07/relbot_robotics/ros2/install/sequence_node_07
[9.259s] DEBUG:colcon.colcon_core.event_handler.log_command:Invoked command in '/home/asdfr-07/relbot_robotics/ros2/build/response_node_07' returned '0': CMAKE_PREFIX_PATH=/opt/ros/humble /usr/bin/cmake /home/asdfr-07/relbot_robotics/ros2/src/response_node_07 -DCMAKE_INSTALL_PREFIX=/home/asdfr-07/relbot_robotics/ros2/install/response_node_07
[9.267s] DEBUG:colcon.colcon_core.event_handler.log_command:Invoking command in '/home/asdfr-07/relbot_robotics/ros2/build/response_node_07': CMAKE_PREFIX_PATH=/opt/ros/humble /usr/bin/cmake --build /home/asdfr-07/relbot_robotics/ros2/build/response_node_07 -- -j3 -l3
[9.303s] DEBUG:colcon.colcon_core.event_handler.log_command:Invoked command in '/home/asdfr-07/relbot_robotics/ros2/build/sequence_node_07' returned '0': CMAKE_PREFIX_PATH=/opt/ros/humble /usr/bin/cmake /home/asdfr-07/relbot_robotics/ros2/src/sequence_node_07 -DCMAKE_INSTALL_PREFIX=/home/asdfr-07/relbot_robotics/ros2/install/sequence_node_07
[9.306s] DEBUG:colcon.colcon_core.event_handler.log_command:Invoking command in '/home/asdfr-07/relbot_robotics/ros2/build/sequence_node_07': CMAKE_PREFIX_PATH=/opt/ros/humble /usr/bin/cmake --build /home/asdfr-07/relbot_robotics/ros2/build/sequence_node_07 -- -j3 -l3
[48.824s] DEBUG:colcon.colcon_core.event_handler.log_command:Invoked command in '/home/asdfr-07/relbot_robotics/ros2/build/sequence_node_07' returned '0': CMAKE_PREFIX_PATH=/opt/ros/humble /usr/bin/cmake --build /home/asdfr-07/relbot_robotics/ros2/build/sequence_node_07 -- -j3 -l3
[48.890s] DEBUG:colcon.colcon_core.event_handler.log_command:Invoking command in '/home/asdfr-07/relbot_robotics/ros2/build/sequence_node_07': CMAKE_PREFIX_PATH=/opt/ros/humble /usr/bin/cmake --install /home/asdfr-07/relbot_robotics/ros2/build/sequence_node_07
[49.002s] DEBUG:colcon.colcon_core.event_handler.log_command:Invoked command in '/home/asdfr-07/relbot_robotics/ros2/build/response_node_07' returned '0': CMAKE_PREFIX_PATH=/opt/ros/humble /usr/bin/cmake --build /home/asdfr-07/relbot_robotics/ros2/build/response_node_07 -- -j3 -l3
[49.012s] DEBUG:colcon.colcon_core.event_handler.log_command:Invoking command in '/home/asdfr-07/relbot_robotics/ros2/build/response_node_07': CMAKE_PREFIX_PATH=/opt/ros/humble /usr/bin/cmake --install /home/asdfr-07/relbot_robotics/ros2/build/response_node_07
[49.176s] Level 1:colcon.colcon_core.environment:create_environment_scripts_only(sequence_node_07)
[49.179s] DEBUG:colcon.colcon_core.event_handler.log_command:Invoked command in '/home/asdfr-07/relbot_robotics/ros2/build/sequence_node_07' returned '0': CMAKE_PREFIX_PATH=/opt/ros/humble /usr/bin/cmake --install /home/asdfr-07/relbot_robotics/ros2/build/sequence_node_07
[49.211s] Level 1:colcon.colcon_core.environment:checking '/home/asdfr-07/relbot_robotics/ros2/install/sequence_node_07' for CMake module files
[49.213s] Level 1:colcon.colcon_core.environment:checking '/home/asdfr-07/relbot_robotics/ros2/install/sequence_node_07' for CMake config files
[49.214s] Level 1:colcon.colcon_core.shell:create_environment_hook('sequence_node_07', 'cmake_prefix_path')
[49.215s] INFO:colcon.colcon_core.shell:Creating environment hook '/home/asdfr-07/relbot_robotics/ros2/install/sequence_node_07/share/sequence_node_07/hook/cmake_prefix_path.ps1'
[49.225s] INFO:colcon.colcon_core.shell:Creating environment descriptor '/home/asdfr-07/relbot_robotics/ros2/install/sequence_node_07/share/sequence_node_07/hook/cmake_prefix_path.dsv'
[49.231s] INFO:colcon.colcon_core.shell:Creating environment hook '/home/asdfr-07/relbot_robotics/ros2/install/sequence_node_07/share/sequence_node_07/hook/cmake_prefix_path.sh'
[49.254s] Level 1:colcon.colcon_core.environment:checking '/home/asdfr-07/relbot_robotics/ros2/install/sequence_node_07/lib'
[49.255s] Level 1:colcon.colcon_core.environment:checking '/home/asdfr-07/relbot_robotics/ros2/install/sequence_node_07/bin'
[49.256s] Level 1:colcon.colcon_core.environment:checking '/home/asdfr-07/relbot_robotics/ros2/install/sequence_node_07/lib/pkgconfig/sequence_node_07.pc'
[49.257s] Level 1:colcon.colcon_core.environment:checking '/home/asdfr-07/relbot_robotics/ros2/install/sequence_node_07/lib/python3.10/site-packages'
[49.259s] Level 1:colcon.colcon_core.environment:checking '/home/asdfr-07/relbot_robotics/ros2/install/sequence_node_07/bin'
[49.261s] INFO:colcon.colcon_core.shell:Creating package script '/home/asdfr-07/relbot_robotics/ros2/install/sequence_node_07/share/sequence_node_07/package.ps1'
[49.273s] INFO:colcon.colcon_core.shell:Creating package descriptor '/home/asdfr-07/relbot_robotics/ros2/install/sequence_node_07/share/sequence_node_07/package.dsv'
[49.277s] INFO:colcon.colcon_core.shell:Creating package script '/home/asdfr-07/relbot_robotics/ros2/install/sequence_node_07/share/sequence_node_07/package.sh'
[49.281s] INFO:colcon.colcon_core.shell:Creating package script '/home/asdfr-07/relbot_robotics/ros2/install/sequence_node_07/share/sequence_node_07/package.bash'
[49.287s] INFO:colcon.colcon_core.shell:Creating package script '/home/asdfr-07/relbot_robotics/ros2/install/sequence_node_07/share/sequence_node_07/package.zsh'
[49.293s] Level 1:colcon.colcon_core.environment:create_file_with_runtime_dependencies(/home/asdfr-07/relbot_robotics/ros2/install/sequence_node_07/share/colcon-core/packages/sequence_node_07)
[49.297s] Level 1:colcon.colcon_core.environment:create_environment_scripts_only(sequence_node_07)
[49.299s] Level 1:colcon.colcon_core.environment:checking '/home/asdfr-07/relbot_robotics/ros2/install/sequence_node_07' for CMake module files
[49.303s] Level 1:colcon.colcon_core.environment:checking '/home/asdfr-07/relbot_robotics/ros2/install/sequence_node_07' for CMake config files
[49.304s] Level 1:colcon.colcon_core.shell:create_environment_hook('sequence_node_07', 'cmake_prefix_path')
[49.305s] INFO:colcon.colcon_core.shell:Creating environment hook '/home/asdfr-07/relbot_robotics/ros2/install/sequence_node_07/share/sequence_node_07/hook/cmake_prefix_path.ps1'
[49.309s] INFO:colcon.colcon_core.shell:Creating environment descriptor '/home/asdfr-07/relbot_robotics/ros2/install/sequence_node_07/share/sequence_node_07/hook/cmake_prefix_path.dsv'
[49.313s] INFO:colcon.colcon_core.shell:Creating environment hook '/home/asdfr-07/relbot_robotics/ros2/install/sequence_node_07/share/sequence_node_07/hook/cmake_prefix_path.sh'
[49.317s] Level 1:colcon.colcon_core.environment:checking '/home/asdfr-07/relbot_robotics/ros2/install/sequence_node_07/lib'
[49.318s] Level 1:colcon.colcon_core.environment:checking '/home/asdfr-07/relbot_robotics/ros2/install/sequence_node_07/bin'
[49.319s] Level 1:colcon.colcon_core.environment:checking '/home/asdfr-07/relbot_robotics/ros2/install/sequence_node_07/lib/pkgconfig/sequence_node_07.pc'
[49.320s] Level 1:colcon.colcon_core.environment:checking '/home/asdfr-07/relbot_robotics/ros2/install/sequence_node_07/lib/python3.10/site-packages'
[49.321s] Level 1:colcon.colcon_core.environment:checking '/home/asdfr-07/relbot_robotics/ros2/install/sequence_node_07/bin'
[49.323s] INFO:colcon.colcon_core.shell:Creating package script '/home/asdfr-07/relbot_robotics/ros2/install/sequence_node_07/share/sequence_node_07/package.ps1'
[49.328s] INFO:colcon.colcon_core.shell:Creating package descriptor '/home/asdfr-07/relbot_robotics/ros2/install/sequence_node_07/share/sequence_node_07/package.dsv'
[49.332s] INFO:colcon.colcon_core.shell:Creating package script '/home/asdfr-07/relbot_robotics/ros2/install/sequence_node_07/share/sequence_node_07/package.sh'
[49.336s] INFO:colcon.colcon_core.shell:Creating package script '/home/asdfr-07/relbot_robotics/ros2/install/sequence_node_07/share/sequence_node_07/package.bash'
[49.340s] INFO:colcon.colcon_core.shell:Creating package script '/home/asdfr-07/relbot_robotics/ros2/install/sequence_node_07/share/sequence_node_07/package.zsh'
[49.344s] Level 1:colcon.colcon_core.environment:create_file_with_runtime_dependencies(/home/asdfr-07/relbot_robotics/ros2/install/sequence_node_07/share/colcon-core/packages/sequence_node_07)
[49.350s] Level 1:colcon.colcon_core.environment:create_environment_scripts_only(response_node_07)
[49.352s] DEBUG:colcon.colcon_core.event_handler.log_command:Invoked command in '/home/asdfr-07/relbot_robotics/ros2/build/response_node_07' returned '0': CMAKE_PREFIX_PATH=/opt/ros/humble /usr/bin/cmake --install /home/asdfr-07/relbot_robotics/ros2/build/response_node_07
[49.354s] Level 1:colcon.colcon_core.environment:checking '/home/asdfr-07/relbot_robotics/ros2/install/response_node_07' for CMake module files
[49.357s] Level 1:colcon.colcon_core.environment:checking '/home/asdfr-07/relbot_robotics/ros2/install/response_node_07' for CMake config files
[49.358s] Level 1:colcon.colcon_core.shell:create_environment_hook('response_node_07', 'cmake_prefix_path')
[49.360s] INFO:colcon.colcon_core.shell:Creating environment hook '/home/asdfr-07/relbot_robotics/ros2/install/response_node_07/share/response_node_07/hook/cmake_prefix_path.ps1'
[49.366s] INFO:colcon.colcon_core.shell:Creating environment descriptor '/home/asdfr-07/relbot_robotics/ros2/install/response_node_07/share/response_node_07/hook/cmake_prefix_path.dsv'
[49.370s] INFO:colcon.colcon_core.shell:Creating environment hook '/home/asdfr-07/relbot_robotics/ros2/install/response_node_07/share/response_node_07/hook/cmake_prefix_path.sh'
[49.375s] Level 1:colcon.colcon_core.environment:checking '/home/asdfr-07/relbot_robotics/ros2/install/response_node_07/lib'
[49.376s] Level 1:colcon.colcon_core.environment:checking '/home/asdfr-07/relbot_robotics/ros2/install/response_node_07/bin'
[49.377s] Level 1:colcon.colcon_core.environment:checking '/home/asdfr-07/relbot_robotics/ros2/install/response_node_07/lib/pkgconfig/response_node_07.pc'
[49.379s] Level 1:colcon.colcon_core.environment:checking '/home/asdfr-07/relbot_robotics/ros2/install/response_node_07/lib/python3.10/site-packages'
[49.381s] Level 1:colcon.colcon_core.environment:checking '/home/asdfr-07/relbot_robotics/ros2/install/response_node_07/bin'
[49.383s] INFO:colcon.colcon_core.shell:Creating package script '/home/asdfr-07/relbot_robotics/ros2/install/response_node_07/share/response_node_07/package.ps1'
[49.387s] INFO:colcon.colcon_core.shell:Creating package descriptor '/home/asdfr-07/relbot_robotics/ros2/install/response_node_07/share/response_node_07/package.dsv'
[49.391s] INFO:colcon.colcon_core.shell:Creating package script '/home/asdfr-07/relbot_robotics/ros2/install/response_node_07/share/response_node_07/package.sh'
[49.394s] INFO:colcon.colcon_core.shell:Creating package script '/home/asdfr-07/relbot_robotics/ros2/install/response_node_07/share/response_node_07/package.bash'
[49.398s] INFO:colcon.colcon_core.shell:Creating package script '/home/asdfr-07/relbot_robotics/ros2/install/response_node_07/share/response_node_07/package.zsh'
[49.401s] Level 1:colcon.colcon_core.environment:create_file_with_runtime_dependencies(/home/asdfr-07/relbot_robotics/ros2/install/response_node_07/share/colcon-core/packages/response_node_07)
[49.408s] Level 1:colcon.colcon_core.environment:create_environment_scripts_only(response_node_07)
[49.409s] Level 1:colcon.colcon_core.environment:checking '/home/asdfr-07/relbot_robotics/ros2/install/response_node_07' for CMake module files
[49.412s] Level 1:colcon.colcon_core.environment:checking '/home/asdfr-07/relbot_robotics/ros2/install/response_node_07' for CMake config files
[49.413s] Level 1:colcon.colcon_core.shell:create_environment_hook('response_node_07', 'cmake_prefix_path')
[49.415s] INFO:colcon.colcon_core.shell:Creating environment hook '/home/asdfr-07/relbot_robotics/ros2/install/response_node_07/share/response_node_07/hook/cmake_prefix_path.ps1'
[49.419s] INFO:colcon.colcon_core.shell:Creating environment descriptor '/home/asdfr-07/relbot_robotics/ros2/install/response_node_07/share/response_node_07/hook/cmake_prefix_path.dsv'
[49.423s] INFO:colcon.colcon_core.shell:Creating environment hook '/home/asdfr-07/relbot_robotics/ros2/install/response_node_07/share/response_node_07/hook/cmake_prefix_path.sh'
[49.428s] Level 1:colcon.colcon_core.environment:checking '/home/asdfr-07/relbot_robotics/ros2/install/response_node_07/lib'
[49.428s] Level 1:colcon.colcon_core.environment:checking '/home/asdfr-07/relbot_robotics/ros2/install/response_node_07/bin'
[49.429s] Level 1:colcon.colcon_core.environment:checking '/home/asdfr-07/relbot_robotics/ros2/install/response_node_07/lib/pkgconfig/response_node_07.pc'
[49.430s] Level 1:colcon.colcon_core.environment:checking '/home/asdfr-07/relbot_robotics/ros2/install/response_node_07/lib/python3.10/site-packages'
[49.432s] Level 1:colcon.colcon_core.environment:checking '/home/asdfr-07/relbot_robotics/ros2/install/response_node_07/bin'
[49.433s] INFO:colcon.colcon_core.shell:Creating package script '/home/asdfr-07/relbot_robotics/ros2/install/response_node_07/share/response_node_07/package.ps1'
[49.436s] INFO:colcon.colcon_core.shell:Creating package descriptor '/home/asdfr-07/relbot_robotics/ros2/install/response_node_07/share/response_node_07/package.dsv'
[49.440s] INFO:colcon.colcon_core.shell:Creating package script '/home/asdfr-07/relbot_robotics/ros2/install/response_node_07/share/response_node_07/package.sh'
[49.443s] INFO:colcon.colcon_core.shell:Creating package script '/home/asdfr-07/relbot_robotics/ros2/install/response_node_07/share/response_node_07/package.bash'
[49.446s] INFO:colcon.colcon_core.shell:Creating package script '/home/asdfr-07/relbot_robotics/ros2/install/response_node_07/share/response_node_07/package.zsh'
[49.449s] Level 1:colcon.colcon_core.environment:create_file_with_runtime_dependencies(/home/asdfr-07/relbot_robotics/ros2/install/response_node_07/share/colcon-core/packages/response_node_07)
[49.452s] DEBUG:colcon.colcon_parallel_executor.executor.parallel:closing loop
[49.453s] DEBUG:colcon.colcon_parallel_executor.executor.parallel:loop closed
[49.453s] DEBUG:colcon.colcon_parallel_executor.executor.parallel:run_until_complete finished with '0'
[49.454s] DEBUG:colcon.colcon_core.event_reactor:joining thread
[49.492s] INFO:colcon.colcon_core.plugin_system:Skipping extension 'colcon_notification.desktop_notification.notify_send': Could not find 'notify-send'
[49.492s] INFO:colcon.colcon_core.plugin_system:Skipping extension 'colcon_notification.desktop_notification.terminal_notifier': Not used on non-Darwin systems
[49.493s] INFO:colcon.colcon_core.plugin_system:Skipping extension 'colcon_notification.desktop_notification.win32': Not used on non-Windows systems
[49.494s] INFO:colcon.colcon_notification.desktop_notification:Sending desktop notification using 'notify2'
[49.543s] DEBUG:colcon.colcon_notification.desktop_notification.notify2:Failed to initialize notify2: org.freedesktop.DBus.Error.ServiceUnknown: The name org.freedesktop.Notifications was not provided by any .service files
[49.544s] DEBUG:colcon.colcon_core.event_reactor:joined thread
[49.546s] INFO:colcon.colcon_core.shell:Creating prefix script '/home/asdfr-07/relbot_robotics/ros2/install/local_setup.ps1'
[49.553s] INFO:colcon.colcon_core.shell:Creating prefix util module '/home/asdfr-07/relbot_robotics/ros2/install/_local_setup_util_ps1.py'
[49.564s] INFO:colcon.colcon_core.shell:Creating prefix chain script '/home/asdfr-07/relbot_robotics/ros2/install/setup.ps1'
[49.571s] INFO:colcon.colcon_core.shell:Creating prefix script '/home/asdfr-07/relbot_robotics/ros2/install/local_setup.sh'
[49.576s] INFO:colcon.colcon_core.shell:Creating prefix util module '/home/asdfr-07/relbot_robotics/ros2/install/_local_setup_util_sh.py'
[49.579s] INFO:colcon.colcon_core.shell:Creating prefix chain script '/home/asdfr-07/relbot_robotics/ros2/install/setup.sh'
[49.589s] INFO:colcon.colcon_core.shell:Creating prefix script '/home/asdfr-07/relbot_robotics/ros2/install/local_setup.bash'
[49.599s] INFO:colcon.colcon_core.shell:Creating prefix chain script '/home/asdfr-07/relbot_robotics/ros2/install/setup.bash'
[49.607s] INFO:colcon.colcon_core.shell:Creating prefix script '/home/asdfr-07/relbot_robotics/ros2/install/local_setup.zsh'
[49.611s] INFO:colcon.colcon_core.shell:Creating prefix chain script '/home/asdfr-07/relbot_robotics/ros2/install/setup.zsh'
